  player.cpp
c:\users\내꺼\desktop\project\gravity\gravity\player.cpp(27): warning C4305: '+=': 'double'에서 'float'(으)로 잘립니다.
c:\users\내꺼\desktop\project\gravity\gravity\player.cpp(31): warning C4305: '+=': 'double'에서 'float'(으)로 잘립니다.
c:\users\내꺼\desktop\project\gravity\gravity\player.cpp(35): warning C4305: '+=': 'double'에서 'float'(으)로 잘립니다.
c:\users\내꺼\desktop\project\gravity\gravity\player.cpp(39): warning C4305: '+=': 'double'에서 'float'(으)로 잘립니다.
c:\users\내꺼\desktop\project\gravity\gravity\player.cpp(58): warning C4305: '-=': 'double'에서 'float'(으)로 잘립니다.
c:\users\내꺼\desktop\project\gravity\gravity\player.cpp(62): warning C4305: '-=': 'double'에서 'float'(으)로 잘립니다.
c:\users\내꺼\desktop\project\gravity\gravity\player.cpp(66): warning C4305: '-=': 'double'에서 'float'(으)로 잘립니다.
c:\users\내꺼\desktop\project\gravity\gravity\player.cpp(70): warning C4305: '-=': 'double'에서 'float'(으)로 잘립니다.
c:\users\내꺼\desktop\project\gravity\gravity\player.cpp(90): warning C4244: '=': 'int'에서 'float'(으)로 변환하면서 데이터가 손실될 수 있습니다.
c:\users\내꺼\desktop\project\gravity\gravity\player.cpp(95): warning C4244: '=': 'int'에서 'float'(으)로 변환하면서 데이터가 손실될 수 있습니다.
c:\users\내꺼\desktop\project\gravity\gravity\player.cpp(100): warning C4244: '=': 'int'에서 'float'(으)로 변환하면서 데이터가 손실될 수 있습니다.
c:\users\내꺼\desktop\project\gravity\gravity\player.cpp(105): warning C4244: '=': 'int'에서 'float'(으)로 변환하면서 데이터가 손실될 수 있습니다.
c:\users\내꺼\desktop\project\gravity\gravity\player.cpp(174): warning C4553: '==': 의미 없는 연산자입니다. '='을(를) 사용하려고 했습니까?
  enemy.cpp
c:\users\내꺼\desktop\project\gravity\gravity\enemy.cpp(16): warning C4305: '초기화 중': 'double'에서 'float'(으)로 잘립니다.
c:\users\내꺼\desktop\project\gravity\gravity\enemy.cpp(36): error C3867: 'std::ios_base::fail': 비표준 구문입니다. '&'를 사용하여 멤버 포인터를 만드세요.
c:\users\내꺼\desktop\project\gravity\gravity\enemy.cpp(39): error C3867: 'std::ios_base::eof': 비표준 구문입니다. '&'를 사용하여 멤버 포인터를 만드세요.
  코드를 생성하고 있습니다...
  컴파일하고 있습니다...
  game.cpp
  코드를 생성하고 있습니다...
